<?xml version="1.0" encoding="UTF-8"?>
<testng-results ignored="0" total="1" passed="1" failed="0" skipped="0">
  <reporter-output>
  </reporter-output>
  <suite started-at="2024-09-28T11:04:27 IST" name="API Regression" finished-at="2024-09-28T11:04:39 IST" duration-ms="12416">
    <groups>
    </groups>
    <test started-at="2024-09-28T11:04:27 IST" name="APIPostCall" finished-at="2024-09-28T11:04:39 IST" duration-ms="12416">
      <class name="Testing.CreateRec_Post">
        <test-method signature="PostData01()[pri:0, instance:Testing.CreateRec_Post@20140db9]" started-at="2024-09-28T11:04:27 IST" name="PostData01" finished-at="2024-09-28T11:04:39 IST" duration-ms="12311" status="PASS">
          <reporter-output>
          </reporter-output>
        </test-method> <!-- PostData01 -->
      </class> <!-- Testing.CreateRec_Post -->
    </test> <!-- APIPostCall -->
  </suite> <!-- API Regression -->
</testng-results>
